<?xml version="1.0" encoding="UTF-8"?>
<!-- Generated by org.testng.reporters.JUnitXMLReporter -->
<testsuite ignored="0" hostname="BCS17564" failures="1" tests="1" name="Test" time="269.95" errors="0" timestamp="2019-11-05T15:57:23 CLST">
  <testcase classname="cl.bcs.application.suite.execute.RVExecute" name="variacion1" time="269.934">
    <failure type="java.lang.AssertionError" message="did not expect to find [true] but found [false]">
      <![CDATA[java.lang.AssertionError: did not expect to find [true] but found [false]
at cl.bcs.application.suite.execute.RVExecute.variacion1(RVExecute.java:40)
at java.base/java.util.concurrent.ThreadPoolExecutor.runWorker(ThreadPoolExecutor.java:1128)
at java.base/java.util.concurrent.ThreadPoolExecutor$Worker.run(ThreadPoolExecutor.java:628)
at java.base/java.lang.Thread.run(Thread.java:834)
... Removed 16 stack frames]]>
    </failure>
  </testcase> <!-- variacion1 -->
</testsuite> <!-- Test -->
